134297 0303  DI              00 01101100  00 00 8C 0A 2A 69 0569 FFFF 219C FF 11111111  FF FF FF FF FF FF
134298 0304  LD HL,0569H     00 01101100  00 00 8C 0A 05 69 0569 FFFF 219C FF 11111111  FF FF FF FF FF FF
134299 0307  LD B,14H        00 01101100  14 00 8C 0A 05 69 0569 FFFF 219C FF 11111111  FF FF FF FF FF FF
134300 0309  LD C,(HL)       00 01101100  14 F0 8C 0A 05 69 0569 FFFF 219C FF 11111111  FF FF FF FF FF FF
134301 030A  INC HL          00 01101100  14 F0 8C 0A 05 6A 0569 FFFF 219C FF 11111111  FF FF FF FF FF FF
134302 030B  LD A,(HL)       00 01101100  14 F0 8C 0A 05 6A 0569 FFFF 219C FF 11111111  FF FF FF FF FF FF
134303 030C  INC HL          00 01101100  14 F0 8C 0A 05 6B 0569 FFFF 219C FF 11111111  FF FF FF FF FF FF
134304 030D  OUT (C),A       00 01101100  14 F0 8C 0A 05 6B 0569 FFFF 219C FF 11111111  FF FF FF FF FF FF
134305 030F  DJNZ $-06H      00 01101100  13 F0 8C 0A 05 6B 0569 FFFF 219C FF 11111111  FF FF FF FF FF FF
134306 0309  LD C,(HL)       00 01101100  13 F0 8C 0A 05 6B 0569 FFFF 219C FF 11111111  FF FF FF FF FF FF
134307 030A  INC HL          00 01101100  13 F0 8C 0A 05 6C 0569 FFFF 219C FF 11111111  FF FF FF FF FF FF
134308 030B  LD A,(HL)       45 01101100  13 F0 8C 0A 05 6C 0569 FFFF 219C FF 11111111  FF FF FF FF FF FF
134309 030C  INC HL          45 01101100  13 F0 8C 0A 05 6D 0569 FFFF 219C FF 11111111  FF FF FF FF FF FF
134310 030D  OUT (C),A       45 01101100  13 F0 8C 0A 05 6D 0569 FFFF 219C FF 11111111  FF FF FF FF FF FF
134311 030F  DJNZ $-06H      45 01101100  12 F0 8C 0A 05 6D 0569 FFFF 219C FF 11111111  FF FF FF FF FF FF
134312 0309  LD C,(HL)       45 01101100  12 F0 8C 0A 05 6D 0569 FFFF 219C FF 11111111  FF FF FF FF FF FF
134313 030A  INC HL          45 01101100  12 F0 8C 0A 05 6E 0569 FFFF 219C FF 11111111  FF FF FF FF FF FF
134314 030B  LD A,(HL)       01 01101100  12 F0 8C 0A 05 6E 0569 FFFF 219C FF 11111111  FF FF FF FF FF FF
134315 030C  INC HL          01 01101100  12 F0 8C 0A 05 6F 0569 FFFF 219C FF 11111111  FF FF FF FF FF FF
134316 030D  OUT (C),A       01 01101100  12 F0 8C 0A 05 6F 0569 FFFF 219C FF 11111111  FF FF FF FF FF FF
134317 030F  DJNZ $-06H      01 01101100  11 F0 8C 0A 05 6F 0569 FFFF 219C FF 11111111  FF FF FF FF FF FF
134318 0309  LD C,(HL)       01 01101100  11 F1 8C 0A 05 6F 0569 FFFF 219C FF 11111111  FF FF FF FF FF FF
134319 030A  INC HL          01 01101100  11 F1 8C 0A 05 70 0569 FFFF 219C FF 11111111  FF FF FF FF FF FF
134320 030B  LD A,(HL)       45 01101100  11 F1 8C 0A 05 70 0569 FFFF 219C FF 11111111  FF FF FF FF FF FF
134321 030C  INC HL          45 01101100  11 F1 8C 0A 05 71 0569 FFFF 219C FF 11111111  FF FF FF FF FF FF
134322 030D  OUT (C),A       45 01101100  11 F1 8C 0A 05 71 0569 FFFF 219C FF 11111111  FF FF FF FF FF FF
134323 030F  DJNZ $-06H      45 01101100  10 F1 8C 0A 05 71 0569 FFFF 219C FF 11111111  FF FF FF FF FF FF
134324 0309  LD C,(HL)       45 01101100  10 F1 8C 0A 05 71 0569 FFFF 219C FF 11111111  FF FF FF FF FF FF
134325 030A  INC HL          45 01101100  10 F1 8C 0A 05 72 0569 FFFF 219C FF 11111111  FF FF FF FF FF FF
134326 030B  LD A,(HL)       01 01101100  10 F1 8C 0A 05 72 0569 FFFF 219C FF 11111111  FF FF FF FF FF FF
134327 030C  INC HL          01 01101100  10 F1 8C 0A 05 73 0569 FFFF 219C FF 11111111  FF FF FF FF FF FF
134328 030D  OUT (C),A       01 01101100  10 F1 8C 0A 05 73 0569 FFFF 219C FF 11111111  FF FF FF FF FF FF
134329 030F  DJNZ $-06H      01 01101100  0F F1 8C 0A 05 73 0569 FFFF 219C FF 11111111  FF FF FF FF FF FF
134330 0309  LD C,(HL)       01 01101100  0F F2 8C 0A 05 73 0569 FFFF 219C FF 11111111  FF FF FF FF FF FF
134331 030A  INC HL          01 01101100  0F F2 8C 0A 05 74 0569 FFFF 219C FF 11111111  FF FF FF FF FF FF
134332 030B  LD A,(HL)       C5 01101100  0F F2 8C 0A 05 74 0569 FFFF 219C FF 11111111  FF FF FF FF FF FF
134333 030C  INC HL          C5 01101100  0F F2 8C 0A 05 75 0569 FFFF 219C FF 11111111  FF FF FF FF FF FF
134334 030D  OUT (C),A       C5 01101100  0F F2 8C 0A 05 75 0569 FFFF 219C FF 11111111  FF FF FF FF FF FF
134335 030F  DJNZ $-06H      C5 01101100  0E F2 8C 0A 05 75 0569 FFFF 219C FF 11111111  FF FF FF FF FF FF
134336 0309  LD C,(HL)       C5 01101100  0E F2 8C 0A 05 75 0569 FFFF 219C FF 11111111  FF FF FF FF FF FF
134337 030A  INC HL          C5 01101100  0E F2 8C 0A 05 76 0569 FFFF 219C FF 11111111  FF FF FF FF FF FF
134338 030B  LD A,(HL)       1E 01101100  0E F2 8C 0A 05 76 0569 FFFF 219C FF 11111111  FF FF FF FF FF FF
134339 030C  INC HL          1E 01101100  0E F2 8C 0A 05 77 0569 FFFF 219C FF 11111111  FF FF FF FF FF FF
134340 030D  OUT (C),A       1E 01101100  0E F2 8C 0A 05 77 0569 FFFF 219C FF 11111111  FF FF FF FF FF FF
134341 030F  DJNZ $-06H      1E 01101100  0D F2 8C 0A 05 77 0569 FFFF 219C FF 11111111  FF FF FF FF FF FF
134342 0309  LD C,(HL)       1E 01101100  0D FB 8C 0A 05 77 0569 FFFF 219C FF 11111111  FF FF FF FF FF FF
134343 030A  INC HL          1E 01101100  0D FB 8C 0A 05 78 0569 FFFF 219C FF 11111111  FF FF FF FF FF FF
134344 030B  LD A,(HL)       18 01101100  0D FB 8C 0A 05 78 0569 FFFF 219C FF 11111111  FF FF FF FF FF FF
134345 030C  INC HL          18 01101100  0D FB 8C 0A 05 79 0569 FFFF 219C FF 11111111  FF FF FF FF FF FF
134346 030D  OUT (C),A       18 01101100  0D FB 8C 0A 05 79 0569 FFFF 219C FF 11111111  FF FF FF FF FF FF
134347 030F  DJNZ $-06H      18 01101100  0C FB 8C 0A 05 79 0569 FFFF 219C FF 11111111  FF FF FF FF FF FF
134348 0309  LD C,(HL)       18 01101100  0C FB 8C 0A 05 79 0569 FFFF 219C FF 11111111  FF FF FF FF FF FF
134349 030A  INC HL          18 01101100  0C FB 8C 0A 05 7A 0569 FFFF 219C FF 11111111  FF FF FF FF FF FF
134350 030B  LD A,(HL)       10 01101100  0C FB 8C 0A 05 7A 0569 FFFF 219C FF 11111111  FF FF FF FF FF FF
134351 030C  INC HL          10 01101100  0C FB 8C 0A 05 7B 0569 FFFF 219C FF 11111111  FF FF FF FF FF FF
134352 030D  OUT (C),A       10 01101100  0C FB 8C 0A 05 7B 0569 FFFF 219C FF 11111111  FF FF FF FF FF FF
134353 030F  DJNZ $-06H      10 01101100  0B FB 8C 0A 05 7B 0569 FFFF 219C FF 11111111  FF FF FF FF FF FF
134354 0309  LD C,(HL)       10 01101100  0B FB 8C 0A 05 7B 0569 FFFF 219C FF 11111111  FF FF FF FF FF FF
134355 030A  INC HL          10 01101100  0B FB 8C 0A 05 7C 0569 FFFF 219C FF 11111111  FF FF FF FF FF FF
134356 030B  LD A,(HL)       28 01101100  0B FB 8C 0A 05 7C 0569 FFFF 219C FF 11111111  FF FF FF FF FF FF
134357 030C  INC HL          28 01101100  0B FB 8C 0A 05 7D 0569 FFFF 219C FF 11111111  FF FF FF FF FF FF
134358 030D  OUT (C),A       28 01101100  0B FB 8C 0A 05 7D 0569 FFFF 219C FF 11111111  FF FF FF FF FF FF
134359 030F  DJNZ $-06H      28 01101100  0A FB 8C 0A 05 7D 0569 FFFF 219C FF 11111111  FF FF FF FF FF FF
134360 0309  LD C,(HL)       28 01101100  0A FB 8C 0A 05 7D 0569 FFFF 219C FF 11111111  FF FF FF FF FF FF
134361 030A  INC HL          28 01101100  0A FB 8C 0A 05 7E 0569 FFFF 219C FF 11111111  FF FF FF FF FF FF
134362 030B  LD A,(HL)       02 01101100  0A FB 8C 0A 05 7E 0569 FFFF 219C FF 11111111  FF FF FF FF FF FF
134363 030C  INC HL          02 01101100  0A FB 8C 0A 05 7F 0569 FFFF 219C FF 11111111  FF FF FF FF FF FF
134364 030D  OUT (C),A       02 01101100  0A FB 8C 0A 05 7F 0569 FFFF 219C FF 11111111  FF FF FF FF FF FF
134365 030F  DJNZ $-06H      02 01101100  09 FB 8C 0A 05 7F 0569 FFFF 219C FF 11111111  FF FF FF FF FF FF
134366 0309  LD C,(HL)       02 01101100  09 FB 8C 0A 05 7F 0569 FFFF 219C FF 11111111  FF FF FF FF FF FF
134367 030A  INC HL          02 01101100  09 FB 8C 0A 05 80 0569 FFFF 219C FF 11111111  FF FF FF FF FF FF
134368 030B  LD A,(HL)       10 01101100  09 FB 8C 0A 05 80 0569 FFFF 219C FF 11111111  FF FF FF FF FF FF
134369 030C  INC HL          10 01101100  09 FB 8C 0A 05 81 0569 FFFF 219C FF 11111111  FF FF FF FF FF FF
134370 030D  OUT (C),A       10 01101100  09 FB 8C 0A 05 81 0569 FFFF 219C FF 11111111  FF FF FF FF FF FF
134371 030F  DJNZ $-06H      10 01101100  08 FB 8C 0A 05 81 0569 FFFF 219C FF 11111111  FF FF FF FF FF FF
134372 0309  LD C,(HL)       10 01101100  08 FB 8C 0A 05 81 0569 FFFF 219C FF 11111111  FF FF FF FF FF FF
134373 030A  INC HL          10 01101100  08 FB 8C 0A 05 82 0569 FFFF 219C FF 11111111  FF FF FF FF FF FF
134374 030B  LD A,(HL)       04 01101100  08 FB 8C 0A 05 82 0569 FFFF 219C FF 11111111  FF FF FF FF FF FF
134375 030C  INC HL          04 01101100  08 FB 8C 0A 05 83 0569 FFFF 219C FF 11111111  FF FF FF FF FF FF
134376 030D  OUT (C),A       04 01101100  08 FB 8C 0A 05 83 0569 FFFF 219C FF 11111111  FF FF FF FF FF FF
134377 030F  DJNZ $-06H      04 01101100  07 FB 8C 0A 05 83 0569 FFFF 219C FF 11111111  FF FF FF FF FF FF
134378 0309  LD C,(HL)       04 01101100  07 FB 8C 0A 05 83 0569 FFFF 219C FF 11111111  FF FF FF FF FF FF
134379 030A  INC HL          04 01101100  07 FB 8C 0A 05 84 0569 FFFF 219C FF 11111111  FF FF FF FF FF FF
134380 030B  LD A,(HL)       4C 01101100  07 FB 8C 0A 05 84 0569 FFFF 219C FF 11111111  FF FF FF FF FF FF
134381 030C  INC HL          4C 01101100  07 FB 8C 0A 05 85 0569 FFFF 219C FF 11111111  FF FF FF FF FF FF
134382 030D  OUT (C),A       4C 01101100  07 FB 8C 0A 05 85 0569 FFFF 219C FF 11111111  FF FF FF FF FF FF
134383 030F  DJNZ $-06H      4C 01101100  06 FB 8C 0A 05 85 0569 FFFF 219C FF 11111111  FF FF FF FF FF FF
134384 0309  LD C,(HL)       4C 01101100  06 FB 8C 0A 05 85 0569 FFFF 219C FF 11111111  FF FF FF FF FF FF
134385 030A  INC HL          4C 01101100  06 FB 8C 0A 05 86 0569 FFFF 219C FF 11111111  FF FF FF FF FF FF
134386 030B  LD A,(HL)       03 01101100  06 FB 8C 0A 05 86 0569 FFFF 219C FF 11111111  FF FF FF FF FF FF
134387 030C  INC HL          03 01101100  06 FB 8C 0A 05 87 0569 FFFF 219C FF 11111111  FF FF FF FF FF FF
134388 030D  OUT (C),A       03 01101100  06 FB 8C 0A 05 87 0569 FFFF 219C FF 11111111  FF FF FF FF FF FF
134389 030F  DJNZ $-06H      03 01101100  05 FB 8C 0A 05 87 0569 FFFF 219C FF 11111111  FF FF FF FF FF FF
134390 0309  LD C,(HL)       03 01101100  05 FB 8C 0A 05 87 0569 FFFF 219C FF 11111111  FF FF FF FF FF FF
134391 030A  INC HL          03 01101100  05 FB 8C 0A 05 88 0569 FFFF 219C FF 11111111  FF FF FF FF FF FF
134392 030B  LD A,(HL)       C1 01101100  05 FB 8C 0A 05 88 0569 FFFF 219C FF 11111111  FF FF FF FF FF FF
134393 030C  INC HL          C1 01101100  05 FB 8C 0A 05 89 0569 FFFF 219C FF 11111111  FF FF FF FF FF FF
134394 030D  OUT (C),A       C1 01101100  05 FB 8C 0A 05 89 0569 FFFF 219C FF 11111111  FF FF FF FF FF FF
134395 030F  DJNZ $-06H      C1 01101100  04 FB 8C 0A 05 89 0569 FFFF 219C FF 11111111  FF FF FF FF FF FF
134396 0309  LD C,(HL)       C1 01101100  04 FB 8C 0A 05 89 0569 FFFF 219C FF 11111111  FF FF FF FF FF FF
134397 030A  INC HL          C1 01101100  04 FB 8C 0A 05 8A 0569 FFFF 219C FF 11111111  FF FF FF FF FF FF
134398 030B  LD A,(HL)       05 01101100  04 FB 8C 0A 05 8A 0569 FFFF 219C FF 11111111  FF FF FF FF FF FF
134399 030C  INC HL          05 01101100  04 FB 8C 0A 05 8B 0569 FFFF 219C FF 11111111  FF FF FF FF FF FF
134400 030D  OUT (C),A       05 01101100  04 FB 8C 0A 05 8B 0569 FFFF 219C FF 11111111  FF FF FF FF FF FF
134401 030F  DJNZ $-06H      05 01101100  03 FB 8C 0A 05 8B 0569 FFFF 219C FF 11111111  FF FF FF FF FF FF
134402 0309  LD C,(HL)       05 01101100  03 FB 8C 0A 05 8B 0569 FFFF 219C FF 11111111  FF FF FF FF FF FF
134403 030A  INC HL          05 01101100  03 FB 8C 0A 05 8C 0569 FFFF 219C FF 11111111  FF FF FF FF FF FF
134404 030B  LD A,(HL)       68 01101100  03 FB 8C 0A 05 8C 0569 FFFF 219C FF 11111111  FF FF FF FF FF FF
134405 030C  INC HL          68 01101100  03 FB 8C 0A 05 8D 0569 FFFF 219C FF 11111111  FF FF FF FF FF FF
134406 030D  OUT (C),A       68 01101100  03 FB 8C 0A 05 8D 0569 FFFF 219C FF 11111111  FF FF FF FF FF FF
134407 030F  DJNZ $-06H      68 01101100  02 FB 8C 0A 05 8D 0569 FFFF 219C FF 11111111  FF FF FF FF FF FF
134408 0309  LD C,(HL)       68 01101100  02 FB 8C 0A 05 8D 0569 FFFF 219C FF 11111111  FF FF FF FF FF FF
134409 030A  INC HL          68 01101100  02 FB 8C 0A 05 8E 0569 FFFF 219C FF 11111111  FF FF FF FF FF FF
134410 030B  LD A,(HL)       01 01101100  02 FB 8C 0A 05 8E 0569 FFFF 219C FF 11111111  FF FF FF FF FF FF
134411 030C  INC HL          01 01101100  02 FB 8C 0A 05 8F 0569 FFFF 219C FF 11111111  FF FF FF FF FF FF
134412 030D  OUT (C),A       01 01101100  02 FB 8C 0A 05 8F 0569 FFFF 219C FF 11111111  FF FF FF FF FF FF
134413 030F  DJNZ $-06H      01 01101100  01 FB 8C 0A 05 8F 0569 FFFF 219C FF 11111111  FF FF FF FF FF FF
134414 0309  LD C,(HL)       01 01101100  01 FB 8C 0A 05 8F 0569 FFFF 219C FF 11111111  FF FF FF FF FF FF
134415 030A  INC HL          01 01101100  01 FB 8C 0A 05 90 0569 FFFF 219C FF 11111111  FF FF FF FF FF FF
134416 030B  LD A,(HL)       1E 01101100  01 FB 8C 0A 05 90 0569 FFFF 219C FF 11111111  FF FF FF FF FF FF
134417 030C  INC HL          1E 01101100  01 FB 8C 0A 05 91 0569 FFFF 219C FF 11111111  FF FF FF FF FF FF
134418 030D  OUT (C),A       1E 01101100  01 FB 8C 0A 05 91 0569 FFFF 219C FF 11111111  FF FF FF FF FF FF
134419 030F  DJNZ $-06H      1E 01101100  00 FB 8C 0A 05 91 0569 FFFF 219C FF 11111111  FF FF FF FF FF FF
